# JRE version: OpenJDK Runtime Environment Temurin-17.0.4.1+1 (17.0.4.1+1) (build 17.0.4.1+1)
# Java VM: OpenJDK 64-Bit Server VM Temurin-17.0.4.1+1 (17.0.4.1+1, mixed mode, emulated-client, tiered, compressed oops, compressed class ptrs, g1 gc, windows-amd64)
GC Precious Log:
 CPUs: 8 total, 8 available
 Memory: 16183M
 Large Page Support: Disabled
 NUMA Support: Disabled
 Compressed Oops: Enabled (Zero based)
 Heap Region Size: 2M
 Heap Min Capacity: 8M
 Heap Initial Capacity: 254M
 Heap Max Capacity: 4046M
 Pre-touch: Disabled
 Parallel Workers: 8
 Concurrent Workers: 2
 Concurrent Refinement Workers: 8
 Periodic GC: Disabled
Heap:
 garbage-first heap   total 96256K, used 26555K [0x0000000703200000, 0x0000000800000000)
  region size 2048K, 1 young (2048K), 0 survivors (0K)
 Metaspace       used 46031K, committed 46592K, reserved 1089536K
  class space    used 6244K, committed 6464K, reserved 1048576K
GC Heap History (20 events):
Event: 4862.086 GC heap before
{Heap before GC invocations=494 (full 466):
 garbage-first heap   total 96256K, used 26555K [0x0000000703200000, 0x0000000800000000)
  region size 2048K, 1 young (2048K), 0 survivors (0K)
 Metaspace       used 46031K, committed 46592K, reserved 1089536K
  class space    used 6244K, committed 6464K, reserved 1048576K
}
Event: 4862.144 GC heap after
{Heap after GC invocations=495 (full 467):
 garbage-first heap   total 96256K, used 26555K [0x0000000703200000, 0x0000000800000000)
  region size 2048K, 0 young (0K), 0 survivors (0K)
 Metaspace       used 46031K, committed 46592K, reserved 1089536K
  class space    used 6244K, committed 6464K, reserved 1048576K
}
Event: 4872.337 GC heap before
{Heap before GC invocations=495 (full 467):
 garbage-first heap   total 96256K, used 26555K [0x0000000703200000, 0x0000000800000000)
  region size 2048K, 1 young (2048K), 0 survivors (0K)
 Metaspace       used 46031K, committed 46592K, reserved 1089536K
  class space    used 6244K, committed 6464K, reserved 1048576K
}
Event: 4872.389 GC heap after
{Heap after GC invocations=496 (full 468):
 garbage-first heap   total 96256K, used 26555K [0x0000000703200000, 0x0000000800000000)
  region size 2048K, 0 young (0K), 0 survivors (0K)
 Metaspace       used 46031K, committed 46592K, reserved 1089536K
  class space    used 6244K, committed 6464K, reserved 1048576K
}
Event: 4882.612 GC heap before
{Heap before GC invocations=496 (full 468):
 garbage-first heap   total 96256K, used 26555K [0x0000000703200000, 0x0000000800000000)
  region size 2048K, 1 young (2048K), 0 survivors (0K)
 Metaspace       used 46031K, committed 46592K, reserved 1089536K
  class space    used 6244K, committed 6464K, reserved 1048576K
}
Event: 4882.658 GC heap after
{Heap after GC invocations=497 (full 469):
 garbage-first heap   total 96256K, used 26555K [0x0000000703200000, 0x0000000800000000)
  region size 2048K, 0 young (0K), 0 survivors (0K)
 Metaspace       used 46031K, committed 46592K, reserved 1089536K
  class space    used 6244K, committed 6464K, reserved 1048576K
}
Event: 4892.864 GC heap before
{Heap before GC invocations=497 (full 469):
 garbage-first heap   total 96256K, used 26555K [0x0000000703200000, 0x0000000800000000)
  region size 2048K, 1 young (2048K), 0 survivors (0K)
 Metaspace       used 46031K, committed 46592K, reserved 1089536K
  class space    used 6244K, committed 6464K, reserved 1048576K
}
Event: 4892.917 GC heap after
{Heap after GC invocations=498 (full 470):
 garbage-first heap   total 96256K, used 26555K [0x0000000703200000, 0x0000000800000000)
  region size 2048K, 0 young (0K), 0 survivors (0K)
 Metaspace       used 46031K, committed 46592K, reserved 1089536K
  class space    used 6244K, committed 6464K, reserved 1048576K
}
Event: 4903.114 GC heap before
{Heap before GC invocations=498 (full 470):
 garbage-first heap   total 96256K, used 26555K [0x0000000703200000, 0x0000000800000000)
  region size 2048K, 1 young (2048K), 0 survivors (0K)
 Metaspace       used 46031K, committed 46592K, reserved 1089536K
  class space    used 6244K, committed 6464K, reserved 1048576K
}
Event: 4903.147 GC heap after
{Heap after GC invocations=499 (full 471):
 garbage-first heap   total 96256K, used 26555K [0x0000000703200000, 0x0000000800000000)
  region size 2048K, 0 young (0K), 0 survivors (0K)
 Metaspace       used 46031K, committed 46592K, reserved 1089536K
  class space    used 6244K, committed 6464K, reserved 1048576K
}
Event: 4913.325 GC heap before
{Heap before GC invocations=499 (full 471):
 garbage-first heap   total 96256K, used 26555K [0x0000000703200000, 0x0000000800000000)
  region size 2048K, 1 young (2048K), 0 survivors (0K)
 Metaspace       used 46031K, committed 46592K, reserved 1089536K
  class space    used 6244K, committed 6464K, reserved 1048576K
}
Event: 4913.369 GC heap after
{Heap after GC invocations=500 (full 472):
 garbage-first heap   total 96256K, used 26555K [0x0000000703200000, 0x0000000800000000)
  region size 2048K, 0 young (0K), 0 survivors (0K)
 Metaspace       used 46031K, committed 46592K, reserved 1089536K
  class space    used 6244K, committed 6464K, reserved 1048576K
}
Event: 4923.548 GC heap before
{Heap before GC invocations=500 (full 472):
 garbage-first heap   total 96256K, used 26555K [0x0000000703200000, 0x0000000800000000)
  region size 2048K, 1 young (2048K), 0 survivors (0K)
 Metaspace       used 46031K, committed 46592K, reserved 1089536K
  class space    used 6244K, committed 6464K, reserved 1048576K
}
Event: 4923.580 GC heap after
{Heap after GC invocations=501 (full 473):
 garbage-first heap   total 96256K, used 26555K [0x0000000703200000, 0x0000000800000000)
  region size 2048K, 0 young (0K), 0 survivors (0K)
 Metaspace       used 46031K, committed 46592K, reserved 1089536K
  class space    used 6244K, committed 6464K, reserved 1048576K
}
Event: 4933.798 GC heap before
{Heap before GC invocations=501 (full 473):
 garbage-first heap   total 96256K, used 26555K [0x0000000703200000, 0x0000000800000000)
  region size 2048K, 1 young (2048K), 0 survivors (0K)
 Metaspace       used 46031K, committed 46592K, reserved 1089536K
  class space    used 6244K, committed 6464K, reserved 1048576K
}
Event: 4933.831 GC heap after
{Heap after GC invocations=502 (full 474):
 garbage-first heap   total 96256K, used 26555K [0x0000000703200000, 0x0000000800000000)
  region size 2048K, 0 young (0K), 0 survivors (0K)
 Metaspace       used 46031K, committed 46592K, reserved 1089536K
  class space    used 6244K, committed 6464K, reserved 1048576K
}
Event: 4944.043 GC heap before
{Heap before GC invocations=502 (full 474):
 garbage-first heap   total 96256K, used 26555K [0x0000000703200000, 0x0000000800000000)
  region size 2048K, 1 young (2048K), 0 survivors (0K)
 Metaspace       used 46031K, committed 46592K, reserved 1089536K
  class space    used 6244K, committed 6464K, reserved 1048576K
}
Event: 4944.077 GC heap after
{Heap after GC invocations=503 (full 475):
 garbage-first heap   total 96256K, used 26555K [0x0000000703200000, 0x0000000800000000)
  region size 2048K, 0 young (0K), 0 survivors (0K)
 Metaspace       used 46031K, committed 46592K, reserved 1089536K
  class space    used 6244K, committed 6464K, reserved 1048576K
}
Event: 4954.294 GC heap before
{Heap before GC invocations=503 (full 475):
 garbage-first heap   total 96256K, used 26555K [0x0000000703200000, 0x0000000800000000)
  region size 2048K, 1 young (2048K), 0 survivors (0K)
 Metaspace       used 46031K, committed 46592K, reserved 1089536K
  class space    used 6244K, committed 6464K, reserved 1048576K
}
Event: 4954.339 GC heap after
{Heap after GC invocations=504 (full 476):
 garbage-first heap   total 96256K, used 26555K [0x0000000703200000, 0x0000000800000000)
  region size 2048K, 0 young (0K), 0 survivors (0K)
 Metaspace       used 46031K, committed 46592K, reserved 1089536K
  class space    used 6244K, committed 6464K, reserved 1048576K
}

